Assembler report for DE10_STD_FPGA
Thu Jun 02 13:40:20 2022
Quartus Prime Version 16.1.2 Build 203 01/18/2017 SJ Lite Edition


---------------------
; Table of Contents ;
---------------------
  1. Legal Notice
  2. Assembler Summary
  3. Assembler Settings
  4. Assembler Generated Files
  5. Assembler Device Options: D:/DE10_Standard/Tool/SystemBuilder/CodeGenerated/DE10_Standard/DE10_STD_FPGA/DE10_STD_FPGA.sof
  6. Assembler Messages



----------------
; Legal Notice ;
----------------
Copyright (C) 2017  Intel Corporation. All rights reserved.
Your use of Intel Corporation's design tools, logic functions 
and other software and tools, and its AMPP partner logic 
functions, and any output files from any of the foregoing 
(including device programming or simulation files), and any 
associated documentation or information are expressly subject 
to the terms and conditions of the Intel Program License 
Subscription Agreement, the Intel Quartus Prime License Agreement,
the Intel MegaCore Function License Agreement, or other 
applicable license agreement, including, without limitation, 
that your use is for the sole purpose of programming logic 
devices manufactured by Intel and sold by Intel or its 
authorized distributors.  Please refer to the applicable 
agreement for further details.



+---------------------------------------------------------------+
; Assembler Summary                                             ;
+-----------------------+---------------------------------------+
; Assembler Status      ; Successful - Thu Jun 02 13:40:20 2022 ;
; Revision Name         ; DE10_STD_FPGA                         ;
; Top-level Entity Name ; DE10_STD_FPGA                         ;
; Family                ; Cyclone V                             ;
; Device                ; 5CSXFC6D6F31C6                        ;
+-----------------------+---------------------------------------+


+----------------------------------+
; Assembler Settings               ;
+--------+---------+---------------+
; Option ; Setting ; Default Value ;
+--------+---------+---------------+


+-------------------------------------------------------------------------------------------------+
; Assembler Generated Files                                                                       ;
+-------------------------------------------------------------------------------------------------+
; File Name                                                                                       ;
+-------------------------------------------------------------------------------------------------+
; D:/DE10_Standard/Tool/SystemBuilder/CodeGenerated/DE10_Standard/DE10_STD_FPGA/DE10_STD_FPGA.sof ;
+-------------------------------------------------------------------------------------------------+


+---------------------------------------------------------------------------------------------------------------------------+
; Assembler Device Options: D:/DE10_Standard/Tool/SystemBuilder/CodeGenerated/DE10_Standard/DE10_STD_FPGA/DE10_STD_FPGA.sof ;
+----------------+----------------------------------------------------------------------------------------------------------+
; Option         ; Setting                                                                                                  ;
+----------------+----------------------------------------------------------------------------------------------------------+
; Device         ; 5CSXFC6D6F31C6                                                                                           ;
; JTAG usercode  ; 0x00B106F6                                                                                               ;
; Checksum       ; 0x00B106F6                                                                                               ;
+----------------+----------------------------------------------------------------------------------------------------------+


+--------------------+
; Assembler Messages ;
+--------------------+
Info: *******************************************************************
Info: Running Quartus Prime Assembler
    Info: Version 16.1.2 Build 203 01/18/2017 SJ Lite Edition
    Info: Processing started: Thu Jun 02 13:40:14 2022
Info: Command: quartus_asm --read_settings_files=off --write_settings_files=off DE10_STD_FPGA -c DE10_STD_FPGA
Info (115030): Assembler is generating device programming files
Info: Quartus Prime Assembler was successful. 0 errors, 0 warnings
    Info: Peak virtual memory: 4826 megabytes
    Info: Processing ended: Thu Jun 02 13:40:20 2022
    Info: Elapsed time: 00:00:06
    Info: Total CPU time (on all processors): 00:00:06


